0 info it worked if it ends with ok
1 verbose cli [ '/usr/bin/node',
1 verbose cli   '/usr/bin/npm',
1 verbose cli   'install',
1 verbose cli   '-g',
1 verbose cli   'serverless#v0.5.5' ]
2 info using npm@3.10.6
3 info using node@v6.4.0
4 silly loadCurrentTree Starting
5 silly install loadCurrentTree
6 silly install readGlobalPackageData
7 silly fetchPackageMetaData serverless#v0.5.5
8 silly fetchOtherPackageData serverless#v0.5.5
9 silly cache add args [ 'serverless#v0.5.5', null ]
10 verbose cache add spec serverless#v0.5.5
11 silly cache add parsed spec Result {
11 silly cache add   raw: 'serverless#v0.5.5',
11 silly cache add   scope: null,
11 silly cache add   escapedName: null,
11 silly cache add   name: null,
11 silly cache add   rawSpec: 'serverless#v0.5.5',
11 silly cache add   spec: '/home/orion/projects/git/lanternhoard/api/kdStoreCrawl/serverless#v0.5.5',
11 silly cache add   type: 'local' }
12 error addLocal Could not install /home/orion/projects/git/lanternhoard/api/kdStoreCrawl/serverless#v0.5.5
13 silly fetchPackageMetaData Error: ENOENT: no such file or directory, open '/home/orion/projects/git/lanternhoard/api/kdStoreCrawl/serverless#v0.5.5'
13 silly fetchPackageMetaData     at Error (native)
13 silly fetchPackageMetaData  error for serverless#v0.5.5 { Error: ENOENT: no such file or directory, open '/home/orion/projects/git/lanternhoard/api/kdStoreCrawl/serverless#v0.5.5'
13 silly fetchPackageMetaData     at Error (native)
13 silly fetchPackageMetaData   errno: -2,
13 silly fetchPackageMetaData   code: 'ENOENT',
13 silly fetchPackageMetaData   syscall: 'open',
13 silly fetchPackageMetaData   path: '/home/orion/projects/git/lanternhoard/api/kdStoreCrawl/serverless#v0.5.5' }
14 silly rollbackFailedOptional Starting
15 silly rollbackFailedOptional Finishing
16 silly runTopLevelLifecycles Starting
17 silly runTopLevelLifecycles Finishing
18 silly install printInstalled
19 verbose stack Error: ENOENT: no such file or directory, open '/home/orion/projects/git/lanternhoard/api/kdStoreCrawl/serverless#v0.5.5'
19 verbose stack     at Error (native)
20 verbose cwd /home/orion/projects/git/lanternhoard/api/kdStoreCrawl
21 error Linux 4.7.1-1-ARCH
22 error argv "/usr/bin/node" "/usr/bin/npm" "install" "-g" "serverless#v0.5.5"
23 error node v6.4.0
24 error npm  v3.10.6
25 error path /home/orion/projects/git/lanternhoard/api/kdStoreCrawl/serverless#v0.5.5
26 error code ENOENT
27 error errno -2
28 error syscall open
29 error enoent ENOENT: no such file or directory, open '/home/orion/projects/git/lanternhoard/api/kdStoreCrawl/serverless#v0.5.5'
30 error enoent ENOENT: no such file or directory, open '/home/orion/projects/git/lanternhoard/api/kdStoreCrawl/serverless#v0.5.5'
30 error enoent This is most likely not a problem with npm itself
30 error enoent and is related to npm not being able to find a file.
31 verbose exit [ -2, true ]
